This file contains any messages produced by compilers while
running configure, to aid debugging if configure makes a mistake.

It was created by ECE4750 Microbenchmark Suite configure ?, which was
generated by GNU Autoconf 2.69.  Invocation command line was

  $ ../configure --host=maven

## --------- ##
## Platform. ##
## --------- ##

hostname = brg-04.ece.cornell.edu
uname -m = x86_64
uname -r = 2.6.32-573.12.1.el6.x86_64
uname -s = Linux
uname -v = #1 SMP Tue Dec 15 21:19:08 UTC 2015

/usr/bin/uname -p = unknown
/bin/uname -X     = unknown

/bin/arch              = x86_64
/usr/bin/arch -k       = unknown
/usr/convex/getsysinfo = unknown
/usr/bin/hostinfo      = unknown
/bin/machine           = unknown
/usr/bin/oslevel       = unknown
/bin/universe          = unknown

PATH: /research/brg/install/bare-pkgs/x86_64-centos6/pkgs/cad-scripts-0.0/bin
PATH: /research/brg/install/bare-pkgs/x86_64-centos6/pkgs/synopsys-mw-K-2015.06-SP2/mw/K-2015.06-SP2/bin/linux64
PATH: /research/brg/install/bare-pkgs/x86_64-centos6/pkgs/synopsys-pt-K-2015.06-SP2/pts/K-2015.06-SP2/bin
PATH: /research/brg/install/bare-pkgs/x86_64-centos6/pkgs/synopsys-icc-K-2015.06-SP2/icc/K-2015.06-SP2/bin
PATH: /research/brg/install/bare-pkgs/x86_64-centos6/pkgs/synopsys-dc-K-2015.06-SP2-1/syn/K-2015.06-SP2-1/bin
PATH: /research/brg/install/bare-pkgs/x86_64-centos6/pkgs/synopsys-vcs-K-2015.09/vcs/K-2015.09/bin
PATH: /research/brg/install/venv-pkgs/x86_64-centos6/python2.7.10/bin
PATH: /home/graduate/bi45/install/stow-pkgs/x86_64-centos6/bin
PATH: /home/graduate/bi45/install/stow-pkgs/noarch/bin
PATH: /research/brg/install/stow-pkgs/x86_64-centos6/bin
PATH: /research/brg/install/stow-pkgs/noarch/bin
PATH: /research/brg/install/venv-pkgs/x86_64-centos6/python2.7.10/bin
PATH: /usr/lib64/qt-3.3/bin
PATH: /usr/local/bin
PATH: /bin
PATH: /usr/bin
PATH: /usr/local/sbin
PATH: /usr/sbin
PATH: /sbin


## ----------- ##
## Core tests. ##
## ----------- ##

configure:1862: checking build system type
configure:1876: result: x86_64-unknown-linux-gnu
configure:1896: checking host system type
configure:1909: result: mipsmavenel-ucb-elf
configure:1943: checking for maven-gcc
configure:1959: found /research/brg/install/stow-pkgs/x86_64-centos6/bin/maven-gcc
configure:1970: result: maven-gcc
configure:2239: checking for C compiler version
configure:2248: maven-gcc --version >&5
maven-gcc (GCC) 4.4.1
Copyright (C) 2009 Free Software Foundation, Inc.
This is free software; see the source for copying conditions.  There is NO
warranty; not even for MERCHANTABILITY or FITNESS FOR A PARTICULAR PURPOSE.

configure:2259: $? = 0
configure:2248: maven-gcc -v >&5
Using built-in specs.
Target: maven
Configured with: ../../src/configure --disable-option-checking --prefix=/research/brg/install/stow-pkgs/x86_64-centos6 --disable-werror --disable-nls --disable-libgomp --disable-libssp --disable-multilib --with-newlib --enable-languages=c,c++ --target=maven --enable-stow STOW_PKGS_ROOT=/home/academic/cb535/install/stow-pkgs STOW_PKGS_PREFIX=/home/academic/cb535/install/stow-pkgs/x86_64-centos6 --cache-file=/dev/null --srcdir=../../src
Thread model: bthread
gcc version 4.4.1 (GCC) 
configure:2259: $? = 0
configure:2248: maven-gcc -V >&5
maven-gcc: '-V' option must have argument
configure:2259: $? = 1
configure:2248: maven-gcc -qversion >&5
maven-gcc: unrecognized option '-qversion'
maven-gcc: no input files
configure:2259: $? = 1
configure:2279: checking whether the C compiler works
configure:2301: maven-gcc    conftest.c  >&5
configure:2305: $? = 0
configure:2353: result: yes
configure:2356: checking for C compiler default output file name
configure:2358: result: a.out
configure:2364: checking for suffix of executables
configure:2371: maven-gcc -o conftest    conftest.c  >&5
configure:2375: $? = 0
configure:2397: result: 
configure:2419: checking whether we are cross compiling
configure:2427: maven-gcc -o conftest    conftest.c  >&5
configure:2431: $? = 0
configure:2438: ./conftest
../configure: line 2440: ./conftest: cannot execute binary file
configure:2442: $? = 126
configure:2457: result: yes
configure:2462: checking for suffix of object files
configure:2484: maven-gcc -c   conftest.c >&5
configure:2488: $? = 0
configure:2509: result: o
configure:2513: checking whether we are using the GNU C compiler
configure:2532: maven-gcc -c   conftest.c >&5
configure:2532: $? = 0
configure:2541: result: yes
configure:2550: checking whether maven-gcc accepts -g
configure:2570: maven-gcc -c -g  conftest.c >&5
configure:2570: $? = 0
configure:2611: result: yes
configure:2628: checking for maven-gcc option to accept ISO C89
configure:2691: maven-gcc  -c -g -O2  conftest.c >&5
configure:2691: $? = 0
configure:2704: result: none needed
configure:2742: checking for maven-g++
configure:2758: found /research/brg/install/stow-pkgs/x86_64-centos6/bin/maven-g++
configure:2769: result: maven-g++
configure:2840: checking for C++ compiler version
configure:2849: maven-g++ --version >&5
maven-g++ (GCC) 4.4.1
Copyright (C) 2009 Free Software Foundation, Inc.
This is free software; see the source for copying conditions.  There is NO
warranty; not even for MERCHANTABILITY or FITNESS FOR A PARTICULAR PURPOSE.

configure:2860: $? = 0
configure:2849: maven-g++ -v >&5
Using built-in specs.
Target: maven
Configured with: ../../src/configure --disable-option-checking --prefix=/research/brg/install/stow-pkgs/x86_64-centos6 --disable-werror --disable-nls --disable-libgomp --disable-libssp --disable-multilib --with-newlib --enable-languages=c,c++ --target=maven --enable-stow STOW_PKGS_ROOT=/home/academic/cb535/install/stow-pkgs STOW_PKGS_PREFIX=/home/academic/cb535/install/stow-pkgs/x86_64-centos6 --cache-file=/dev/null --srcdir=../../src
Thread model: bthread
gcc version 4.4.1 (GCC) 
configure:2860: $? = 0
configure:2849: maven-g++ -V >&5
maven-g++: '-V' option must have argument
configure:2860: $? = 1
configure:2849: maven-g++ -qversion >&5
maven-g++: unrecognized option '-qversion'
maven-g++: no input files
configure:2860: $? = 1
configure:2864: checking whether we are using the GNU C++ compiler
configure:2883: maven-g++ -c   conftest.cpp >&5
configure:2883: $? = 0
configure:2892: result: yes
configure:2901: checking whether maven-g++ accepts -g
configure:2921: maven-g++ -c -g  conftest.cpp >&5
configure:2921: $? = 0
configure:2962: result: yes
configure:2993: checking for maven-ar
configure:3009: found /research/brg/install/stow-pkgs/x86_64-centos6/bin/maven-ar
configure:3020: result: maven-ar
configure:3085: checking for maven-ranlib
configure:3101: found /research/brg/install/stow-pkgs/x86_64-centos6/bin/maven-ranlib
configure:3112: result: maven-ranlib
configure:3221: checking for a BSD-compatible install
configure:3289: result: /usr/bin/install -c
configure:3655: configuring internal subproject ubmark
configure:3807: creating ./config.status

## ---------------------- ##
## Running config.status. ##
## ---------------------- ##

This file was extended by ECE4750 Microbenchmark Suite config.status ?, which was
generated by GNU Autoconf 2.69.  Invocation command line was

  CONFIG_FILES    = 
  CONFIG_HEADERS  = 
  CONFIG_LINKS    = 
  CONFIG_COMMANDS = 
  $ ./config.status 

on brg-04.ece.cornell.edu

config.status:820: creating ubmark.mk
config.status:820: creating Makefile
config.status:820: creating ubmark-config.h

## ---------------- ##
## Cache variables. ##
## ---------------- ##

ac_cv_build=x86_64-unknown-linux-gnu
ac_cv_c_compiler_gnu=yes
ac_cv_cxx_compiler_gnu=yes
ac_cv_env_CCC_set=
ac_cv_env_CCC_value=
ac_cv_env_CC_set=
ac_cv_env_CC_value=
ac_cv_env_CFLAGS_set=
ac_cv_env_CFLAGS_value=
ac_cv_env_CPPFLAGS_set=
ac_cv_env_CPPFLAGS_value=
ac_cv_env_CXXFLAGS_set=
ac_cv_env_CXXFLAGS_value=
ac_cv_env_CXX_set=
ac_cv_env_CXX_value=
ac_cv_env_LDFLAGS_set=
ac_cv_env_LDFLAGS_value=
ac_cv_env_LIBS_set=
ac_cv_env_LIBS_value=
ac_cv_env_STOW_PREFIX_set=
ac_cv_env_STOW_PREFIX_value=
ac_cv_env_STOW_ROOT_set=
ac_cv_env_STOW_ROOT_value=
ac_cv_env_build_alias_set=
ac_cv_env_build_alias_value=
ac_cv_env_host_alias_set=set
ac_cv_env_host_alias_value=maven
ac_cv_env_target_alias_set=
ac_cv_env_target_alias_value=
ac_cv_host=mipsmavenel-ucb-elf
ac_cv_objext=o
ac_cv_path_install='/usr/bin/install -c'
ac_cv_prog_AR=maven-ar
ac_cv_prog_CC=maven-gcc
ac_cv_prog_CXX=maven-g++
ac_cv_prog_RANLIB=maven-ranlib
ac_cv_prog_cc_c89=
ac_cv_prog_cc_g=yes
ac_cv_prog_cxx_g=yes

## ----------------- ##
## Output variables. ##
## ----------------- ##

AR='maven-ar'
CC='maven-gcc'
CFLAGS='-Wall -g -O3'
CPPFLAGS=''
CXX='maven-g++'
CXXFLAGS='-Wall -g -O3 -D_MIPS_ARCH_LLFU'
DEFS='-DHAVE_CONFIG_H'
ECHO_C=''
ECHO_N='-n'
ECHO_T=''
EXEEXT=''
INSTALL_DATA='${INSTALL} -m 644'
INSTALL_PROGRAM='${INSTALL}'
INSTALL_SCRIPT='${INSTALL}'
LDFLAGS=''
LIBOBJS=''
LIBS=''
LTLIBOBJS=''
OBJEXT='o'
PACKAGE_BUGREPORT='Shreesha Srinath'
PACKAGE_NAME='ECE4750 Microbenchmark Suite'
PACKAGE_STRING='ECE4750 Microbenchmark Suite ?'
PACKAGE_TARNAME='ubmark'
PACKAGE_URL=''
PACKAGE_VERSION='?'
PATH_SEPARATOR=':'
RANLIB='maven-ranlib'
SHELL='/bin/sh'
STOW_PREFIX=''
STOW_ROOT=''
ac_ct_CC=''
ac_ct_CXX=''
bindir='${exec_prefix}/bin'
build='x86_64-unknown-linux-gnu'
build_alias=''
build_cpu='x86_64'
build_os='linux-gnu'
build_vendor='unknown'
datadir='${datarootdir}'
datarootdir='${prefix}/share'
docdir='${datarootdir}/doc/${PACKAGE_TARNAME}'
dvidir='${docdir}'
enable_stow='no'
exec_prefix='${prefix}'
host='mipsmavenel-ucb-elf'
host_alias='maven'
host_cpu='mipsmavenel'
host_os='elf'
host_vendor='ucb'
htmldir='${docdir}'
includedir='${prefix}/include'
infodir='${datarootdir}/info'
libdir='${exec_prefix}/lib'
libexecdir='${exec_prefix}/libexec'
localedir='${datarootdir}/locale'
localstatedir='${prefix}/var'
mandir='${datarootdir}/man'
mcppbs_include_external=''
mcppbs_include_external_en=''
mcppbs_include_internal='ubmark '
mcppbs_include_internal_en='ubmark '
mcppbs_install=''
oldincludedir='/usr/include'
pdfdir='${docdir}'
prefix='/usr/local'
program_transform_name='s,x,x,'
psdir='${docdir}'
sbindir='${exec_prefix}/sbin'
sharedstatedir='${prefix}/com'
stow=''
sysconfdir='${prefix}/etc'
target_alias=''
ubmark_cppflags='-I../ubmark '
ubmark_extra_cppflags=''
ubmark_extra_ldflags=''
ubmark_extra_libs=''
ubmark_intdeps=''
ubmark_ldflags=''
ubmark_libs='-lubmark '
ubmark_pkcdeps=''

## ----------- ##
## confdefs.h. ##
## ----------- ##

/* confdefs.h */
#define PACKAGE_NAME "ECE4750 Microbenchmark Suite"
#define PACKAGE_TARNAME "ubmark"
#define PACKAGE_VERSION "?"
#define PACKAGE_STRING "ECE4750 Microbenchmark Suite ?"
#define PACKAGE_BUGREPORT "Shreesha Srinath"
#define PACKAGE_URL ""
#define HAVE_UBMARK /**/

configure: exit 0
