This file contains any messages produced by compilers while
running configure, to aid debugging if configure makes a mistake.

It was created by ECE4750 Microbenchmark Suite configure ?, which was
generated by GNU Autoconf 2.69.  Invocation command line was

  $ ../configure --host=arm-unknown-linux-uclibcgnueabi host_alias=arm-unknown-linux-uclibcgnueabi --no-create --no-recursion

## --------- ##
## Platform. ##
## --------- ##

hostname = brg-04.ece.cornell.edu
uname -m = x86_64
uname -r = 2.6.32-573.12.1.el6.x86_64
uname -s = Linux
uname -v = #1 SMP Tue Dec 15 21:19:08 UTC 2015

/usr/bin/uname -p = unknown
/bin/uname -X     = unknown

/bin/arch              = x86_64
/usr/bin/arch -k       = unknown
/usr/convex/getsysinfo = unknown
/usr/bin/hostinfo      = unknown
/bin/machine           = unknown
/usr/bin/oslevel       = unknown
/bin/universe          = unknown

PATH: /research/brg/install/bare-pkgs/x86_64-centos6/pkgs/cad-scripts-0.0/bin
PATH: /research/brg/install/bare-pkgs/x86_64-centos6/pkgs/synopsys-mw-K-2015.06-SP2/mw/K-2015.06-SP2/bin/linux64
PATH: /research/brg/install/bare-pkgs/x86_64-centos6/pkgs/synopsys-pt-K-2015.06-SP2/pts/K-2015.06-SP2/bin
PATH: /research/brg/install/bare-pkgs/x86_64-centos6/pkgs/synopsys-icc-K-2015.06-SP2/icc/K-2015.06-SP2/bin
PATH: /research/brg/install/bare-pkgs/x86_64-centos6/pkgs/synopsys-dc-K-2015.06-SP2-1/syn/K-2015.06-SP2-1/bin
PATH: /research/brg/install/bare-pkgs/x86_64-centos6/pkgs/synopsys-vcs-K-2015.09/vcs/K-2015.09/bin
PATH: /research/brg/install/venv-pkgs/x86_64-centos6/python2.7.10/bin
PATH: /home/graduate/bi45/install/stow-pkgs/x86_64-centos6/bin
PATH: /home/graduate/bi45/install/stow-pkgs/noarch/bin
PATH: /research/brg/install/stow-pkgs/x86_64-centos6/bin
PATH: /research/brg/install/stow-pkgs/noarch/bin
PATH: /research/brg/install/venv-pkgs/x86_64-centos6/python2.7.10/bin
PATH: /usr/lib64/qt-3.3/bin
PATH: /usr/local/bin
PATH: /bin
PATH: /usr/bin
PATH: /usr/local/sbin
PATH: /usr/sbin
PATH: /sbin


## ----------- ##
## Core tests. ##
## ----------- ##

configure:1862: checking build system type
configure:1876: result: x86_64-unknown-linux-gnu
configure:1896: checking host system type
configure:1909: result: arm-unknown-linux-uclibcgnueabi
configure:1943: checking for arm-unknown-linux-uclibcgnueabi-gcc
configure:1959: found /research/brg/install/stow-pkgs/x86_64-centos6/bin/arm-unknown-linux-uclibcgnueabi-gcc
configure:1970: result: arm-unknown-linux-uclibcgnueabi-gcc
configure:2239: checking for C compiler version
configure:2248: arm-unknown-linux-uclibcgnueabi-gcc --version >&5
arm-unknown-linux-uclibcgnueabi-gcc (crosstool-NG 1.19.0) 4.4.3
Copyright (C) 2010 Free Software Foundation, Inc.
This is free software; see the source for copying conditions.  There is NO
warranty; not even for MERCHANTABILITY or FITNESS FOR A PARTICULAR PURPOSE.

configure:2259: $? = 0
configure:2248: arm-unknown-linux-uclibcgnueabi-gcc -v >&5
Using built-in specs.
Target: arm-unknown-linux-uclibcgnueabi
Configured with: /work/bits0/dml257/temp/arm-nothumb-xcc/.build/src/gcc-4.4.3/configure --build=x86_64-build_unknown-linux-gnu --host=x86_64-build_unknown-linux-gnu --target=arm-unknown-linux-uclibcgnueabi --prefix=/work/bits0/dml257/XCCs/armv5-nothumb --with-sysroot=/work/bits0/dml257/XCCs/armv5-nothumb/arm-unknown-linux-uclibcgnueabi/sysroot --enable-languages=c,c++ --with-arch=armv5 --with-cpu=xscale --with-tune=xscale --with-float=soft --with-pkgversion='crosstool-NG 1.19.0' --enable-__cxa_atexit --disable-libmudflap --disable-libgomp --disable-libssp --with-gmp=/work/bits0/dml257/temp/arm-nothumb-xcc/.build/arm-unknown-linux-uclibcgnueabi/buildtools --with-mpfr=/work/bits0/dml257/temp/arm-nothumb-xcc/.build/arm-unknown-linux-uclibcgnueabi/buildtools --with-ppl=/work/bits0/dml257/temp/arm-nothumb-xcc/.build/arm-unknown-linux-uclibcgnueabi/buildtools --with-cloog=/work/bits0/dml257/temp/arm-nothumb-xcc/.build/arm-unknown-linux-uclibcgnueabi/buildtools --with-host-libstdcxx='-static-libgcc -Wl,-Bstatic,-lstdc++,-Bdynamic -lm' --enable-threads=posix --enable-target-optspace --disable-nls --disable-multilib --with-local-prefix=/work/bits0/dml257/XCCs/armv5-nothumb/arm-unknown-linux-uclibcgnueabi/sysroot --enable-c99 --enable-long-long
Thread model: posix
gcc version 4.4.3 (crosstool-NG 1.19.0) 
configure:2259: $? = 0
configure:2248: arm-unknown-linux-uclibcgnueabi-gcc -V >&5
arm-unknown-linux-uclibcgnueabi-gcc: '-V' option must have argument
configure:2259: $? = 1
configure:2248: arm-unknown-linux-uclibcgnueabi-gcc -qversion >&5
arm-unknown-linux-uclibcgnueabi-gcc: unrecognized option '-qversion'
arm-unknown-linux-uclibcgnueabi-gcc: no input files
configure:2259: $? = 1
configure:2279: checking whether the C compiler works
configure:2301: arm-unknown-linux-uclibcgnueabi-gcc    conftest.c  >&5
configure:2305: $? = 0
configure:2353: result: yes
configure:2356: checking for C compiler default output file name
configure:2358: result: a.out
configure:2364: checking for suffix of executables
configure:2371: arm-unknown-linux-uclibcgnueabi-gcc -o conftest    conftest.c  >&5
configure:2375: $? = 0
configure:2397: result: 
configure:2419: checking whether we are cross compiling
configure:2427: arm-unknown-linux-uclibcgnueabi-gcc -o conftest    conftest.c  >&5
configure:2431: $? = 0
configure:2438: ./conftest
../configure: line 2440: ./conftest: cannot execute binary file
configure:2442: $? = 126
configure:2457: result: yes
configure:2462: checking for suffix of object files
configure:2484: arm-unknown-linux-uclibcgnueabi-gcc -c   conftest.c >&5
configure:2488: $? = 0
configure:2509: result: o
configure:2513: checking whether we are using the GNU C compiler
configure:2532: arm-unknown-linux-uclibcgnueabi-gcc -c   conftest.c >&5
configure:2532: $? = 0
configure:2541: result: yes
configure:2550: checking whether arm-unknown-linux-uclibcgnueabi-gcc accepts -g
configure:2570: arm-unknown-linux-uclibcgnueabi-gcc -c -g  conftest.c >&5
configure:2570: $? = 0
configure:2611: result: yes
configure:2628: checking for arm-unknown-linux-uclibcgnueabi-gcc option to accept ISO C89
configure:2691: arm-unknown-linux-uclibcgnueabi-gcc  -c -g -O2  conftest.c >&5
configure:2691: $? = 0
configure:2704: result: none needed
configure:2742: checking for arm-unknown-linux-uclibcgnueabi-g++
configure:2758: found /research/brg/install/stow-pkgs/x86_64-centos6/bin/arm-unknown-linux-uclibcgnueabi-g++
configure:2769: result: arm-unknown-linux-uclibcgnueabi-g++
configure:2840: checking for C++ compiler version
configure:2849: arm-unknown-linux-uclibcgnueabi-g++ --version >&5
arm-unknown-linux-uclibcgnueabi-g++ (crosstool-NG 1.19.0) 4.4.3
Copyright (C) 2010 Free Software Foundation, Inc.
This is free software; see the source for copying conditions.  There is NO
warranty; not even for MERCHANTABILITY or FITNESS FOR A PARTICULAR PURPOSE.

configure:2860: $? = 0
configure:2849: arm-unknown-linux-uclibcgnueabi-g++ -v >&5
Using built-in specs.
Target: arm-unknown-linux-uclibcgnueabi
Configured with: /work/bits0/dml257/temp/arm-nothumb-xcc/.build/src/gcc-4.4.3/configure --build=x86_64-build_unknown-linux-gnu --host=x86_64-build_unknown-linux-gnu --target=arm-unknown-linux-uclibcgnueabi --prefix=/work/bits0/dml257/XCCs/armv5-nothumb --with-sysroot=/work/bits0/dml257/XCCs/armv5-nothumb/arm-unknown-linux-uclibcgnueabi/sysroot --enable-languages=c,c++ --with-arch=armv5 --with-cpu=xscale --with-tune=xscale --with-float=soft --with-pkgversion='crosstool-NG 1.19.0' --enable-__cxa_atexit --disable-libmudflap --disable-libgomp --disable-libssp --with-gmp=/work/bits0/dml257/temp/arm-nothumb-xcc/.build/arm-unknown-linux-uclibcgnueabi/buildtools --with-mpfr=/work/bits0/dml257/temp/arm-nothumb-xcc/.build/arm-unknown-linux-uclibcgnueabi/buildtools --with-ppl=/work/bits0/dml257/temp/arm-nothumb-xcc/.build/arm-unknown-linux-uclibcgnueabi/buildtools --with-cloog=/work/bits0/dml257/temp/arm-nothumb-xcc/.build/arm-unknown-linux-uclibcgnueabi/buildtools --with-host-libstdcxx='-static-libgcc -Wl,-Bstatic,-lstdc++,-Bdynamic -lm' --enable-threads=posix --enable-target-optspace --disable-nls --disable-multilib --with-local-prefix=/work/bits0/dml257/XCCs/armv5-nothumb/arm-unknown-linux-uclibcgnueabi/sysroot --enable-c99 --enable-long-long
Thread model: posix
gcc version 4.4.3 (crosstool-NG 1.19.0) 
configure:2860: $? = 0
configure:2849: arm-unknown-linux-uclibcgnueabi-g++ -V >&5
arm-unknown-linux-uclibcgnueabi-g++: '-V' option must have argument
configure:2860: $? = 1
configure:2849: arm-unknown-linux-uclibcgnueabi-g++ -qversion >&5
arm-unknown-linux-uclibcgnueabi-g++: unrecognized option '-qversion'
arm-unknown-linux-uclibcgnueabi-g++: no input files
configure:2860: $? = 1
configure:2864: checking whether we are using the GNU C++ compiler
configure:2883: arm-unknown-linux-uclibcgnueabi-g++ -c   conftest.cpp >&5
configure:2883: $? = 0
configure:2892: result: yes
configure:2901: checking whether arm-unknown-linux-uclibcgnueabi-g++ accepts -g
configure:2921: arm-unknown-linux-uclibcgnueabi-g++ -c -g  conftest.cpp >&5
configure:2921: $? = 0
configure:2962: result: yes
configure:2993: checking for arm-unknown-linux-uclibcgnueabi-ar
configure:3009: found /research/brg/install/stow-pkgs/x86_64-centos6/bin/arm-unknown-linux-uclibcgnueabi-ar
configure:3020: result: arm-unknown-linux-uclibcgnueabi-ar
configure:3085: checking for arm-unknown-linux-uclibcgnueabi-ranlib
configure:3101: found /research/brg/install/stow-pkgs/x86_64-centos6/bin/arm-unknown-linux-uclibcgnueabi-ranlib
configure:3112: result: arm-unknown-linux-uclibcgnueabi-ranlib
configure:3221: checking for a BSD-compatible install
configure:3289: result: /usr/bin/install -c
configure:3655: configuring internal subproject ubmark
configure:3807: creating ./config.status

## ---------------- ##
## Cache variables. ##
## ---------------- ##

ac_cv_build=x86_64-unknown-linux-gnu
ac_cv_c_compiler_gnu=yes
ac_cv_cxx_compiler_gnu=yes
ac_cv_env_CCC_set=
ac_cv_env_CCC_value=
ac_cv_env_CC_set=
ac_cv_env_CC_value=
ac_cv_env_CFLAGS_set=
ac_cv_env_CFLAGS_value=
ac_cv_env_CPPFLAGS_set=
ac_cv_env_CPPFLAGS_value=
ac_cv_env_CXXFLAGS_set=
ac_cv_env_CXXFLAGS_value=
ac_cv_env_CXX_set=
ac_cv_env_CXX_value=
ac_cv_env_LDFLAGS_set=
ac_cv_env_LDFLAGS_value=
ac_cv_env_LIBS_set=
ac_cv_env_LIBS_value=
ac_cv_env_STOW_PREFIX_set=
ac_cv_env_STOW_PREFIX_value=
ac_cv_env_STOW_ROOT_set=
ac_cv_env_STOW_ROOT_value=
ac_cv_env_build_alias_set=
ac_cv_env_build_alias_value=
ac_cv_env_host_alias_set=set
ac_cv_env_host_alias_value=arm-unknown-linux-uclibcgnueabi
ac_cv_env_target_alias_set=
ac_cv_env_target_alias_value=
ac_cv_host=arm-unknown-linux-uclibcgnueabi
ac_cv_objext=o
ac_cv_path_install='/usr/bin/install -c'
ac_cv_prog_AR=arm-unknown-linux-uclibcgnueabi-ar
ac_cv_prog_CC=arm-unknown-linux-uclibcgnueabi-gcc
ac_cv_prog_CXX=arm-unknown-linux-uclibcgnueabi-g++
ac_cv_prog_RANLIB=arm-unknown-linux-uclibcgnueabi-ranlib
ac_cv_prog_cc_c89=
ac_cv_prog_cc_g=yes
ac_cv_prog_cxx_g=yes

## ----------------- ##
## Output variables. ##
## ----------------- ##

AR='arm-unknown-linux-uclibcgnueabi-ar'
CC='arm-unknown-linux-uclibcgnueabi-gcc'
CFLAGS='-Wall -g -O3'
CPPFLAGS=''
CXX='arm-unknown-linux-uclibcgnueabi-g++'
CXXFLAGS='-Wall -g -O3 -D_MIPS_ARCH_LLFU'
DEFS='-DHAVE_CONFIG_H'
ECHO_C=''
ECHO_N='-n'
ECHO_T=''
EXEEXT=''
INSTALL_DATA='${INSTALL} -m 644'
INSTALL_PROGRAM='${INSTALL}'
INSTALL_SCRIPT='${INSTALL}'
LDFLAGS=''
LIBOBJS=''
LIBS=''
LTLIBOBJS=''
OBJEXT='o'
PACKAGE_BUGREPORT='Shreesha Srinath'
PACKAGE_NAME='ECE4750 Microbenchmark Suite'
PACKAGE_STRING='ECE4750 Microbenchmark Suite ?'
PACKAGE_TARNAME='ubmark'
PACKAGE_URL=''
PACKAGE_VERSION='?'
PATH_SEPARATOR=':'
RANLIB='arm-unknown-linux-uclibcgnueabi-ranlib'
SHELL='/bin/sh'
STOW_PREFIX=''
STOW_ROOT=''
ac_ct_CC=''
ac_ct_CXX=''
bindir='${exec_prefix}/bin'
build='x86_64-unknown-linux-gnu'
build_alias=''
build_cpu='x86_64'
build_os='linux-gnu'
build_vendor='unknown'
datadir='${datarootdir}'
datarootdir='${prefix}/share'
docdir='${datarootdir}/doc/${PACKAGE_TARNAME}'
dvidir='${docdir}'
enable_stow='no'
exec_prefix='${prefix}'
host='arm-unknown-linux-uclibcgnueabi'
host_alias='arm-unknown-linux-uclibcgnueabi'
host_cpu='arm'
host_os='linux-uclibcgnueabi'
host_vendor='unknown'
htmldir='${docdir}'
includedir='${prefix}/include'
infodir='${datarootdir}/info'
libdir='${exec_prefix}/lib'
libexecdir='${exec_prefix}/libexec'
localedir='${datarootdir}/locale'
localstatedir='${prefix}/var'
mandir='${datarootdir}/man'
mcppbs_include_external=''
mcppbs_include_external_en=''
mcppbs_include_internal='ubmark '
mcppbs_include_internal_en='ubmark '
mcppbs_install=''
oldincludedir='/usr/include'
pdfdir='${docdir}'
prefix='/usr/local'
program_transform_name='s,x,x,'
psdir='${docdir}'
sbindir='${exec_prefix}/sbin'
sharedstatedir='${prefix}/com'
stow=''
sysconfdir='${prefix}/etc'
target_alias=''
ubmark_cppflags='-I../ubmark '
ubmark_extra_cppflags=''
ubmark_extra_ldflags=''
ubmark_extra_libs=''
ubmark_intdeps=''
ubmark_ldflags=''
ubmark_libs='-lubmark '
ubmark_pkcdeps=''

## ----------- ##
## confdefs.h. ##
## ----------- ##

/* confdefs.h */
#define PACKAGE_NAME "ECE4750 Microbenchmark Suite"
#define PACKAGE_TARNAME "ubmark"
#define PACKAGE_VERSION "?"
#define PACKAGE_STRING "ECE4750 Microbenchmark Suite ?"
#define PACKAGE_BUGREPORT "Shreesha Srinath"
#define PACKAGE_URL ""
#define HAVE_UBMARK /**/

configure: exit 0

## ---------------------- ##
## Running config.status. ##
## ---------------------- ##

This file was extended by ECE4750 Microbenchmark Suite config.status ?, which was
generated by GNU Autoconf 2.69.  Invocation command line was

  CONFIG_FILES    = 
  CONFIG_HEADERS  = 
  CONFIG_LINKS    = 
  CONFIG_COMMANDS = 
  $ ./config.status 

on brg-04.ece.cornell.edu

config.status:820: creating ubmark.mk
config.status:820: creating Makefile
config.status:820: creating ubmark-config.h
config.status:980: ubmark-config.h is unchanged
